#
# There is insufficient memory for the Java Runtime Environment to continue.
# Native memory allocation (malloc) failed to allocate 2224816 bytes for Chunk::new
# Possible reasons:
#   The system is out of physical RAM or swap space
#   The process is running with CompressedOops enabled, and the Java Heap may be blocking the growth of the native heap
# Possible solutions:
#   Reduce memory load on the system
#   Increase physical memory or swap space
#   Check if swap backing store is full
#   Decrease Java heap size (-Xmx/-Xms)
#   Decrease number of Java threads
#   Decrease Java thread stack sizes (-Xss)
#   Set larger code cache with -XX:ReservedCodeCacheSize=
#   JVM is running with Unscaled Compressed Oops mode in which the Java heap is
#     placed in the first 4GB address space. The Java Heap base address is the
#     maximum limit for the native heap growth. Please use -XX:HeapBaseMinAddress
#     to set the Java Heap base and to place the Java Heap above 4GB virtual address.
# This output file may be truncated or incomplete.
#
#  Out of Memory Error (./src/hotspot/share/memory/arena.cpp:197), pid=29808, tid=22236
#
# JRE version: OpenJDK Runtime Environment (11.0.11+9) (build 11.0.11+9-b60-7590822)
# Java VM: OpenJDK 64-Bit Server VM (11.0.11+9-b60-7590822, mixed mode, tiered, compressed oops, g1 gc, windows-amd64)
# No core dump will be written. Minidumps are not enabled by default on client versions of Windows
#

---------------  S U M M A R Y ------------

Command Line: --add-opens=java.base/java.util=ALL-UNNAMED --add-opens=java.base/java.lang=ALL-UNNAMED --add-opens=java.base/java.lang.invoke=ALL-UNNAMED --add-opens=java.base/java.util=ALL-UNNAMED --add-opens=java.prefs/java.util.prefs=ALL-UNNAMED --add-opens=java.prefs/java.util.prefs=ALL-UNNAMED --add-opens=java.base/java.nio.charset=ALL-UNNAMED --add-opens=java.base/java.net=ALL-UNNAMED --add-opens=java.base/java.util.concurrent.atomic=ALL-UNNAMED -Xmx2048m -Dfile.encoding=UTF-8 -Duser.country=KR -Duser.language=ko -Duser.variant org.gradle.launcher.daemon.bootstrap.GradleDaemon 7.2

Host: Intel(R) Core(TM) i7-5500U CPU @ 2.40GHz, 4 cores, 7G,  Windows 10 , 64 bit Build 19041 (10.0.19041.1645)
Time: Thu Apr 21 19:55:33 2022 대한민국 표준시 elapsed time: 124.212047 seconds (0d 0h 2m 4s)

---------------  T H R E A D  ---------------

Current thread (0x000001cde799d800):  JavaThread "C2 CompilerThread1" daemon [_thread_in_native, id=22236, stack(0x0000005f38900000,0x0000005f38a00000)]


Current CompileTask:
C2: 124212 16097       4       org.gradle.internal.service.DefaultServiceRegistry$SingletonService::get (5 bytes)

Stack: [0x0000005f38900000,0x0000005f38a00000]
Native frames: (J=compiled Java code, j=interpreted, Vv=VM code, C=native code)
V  [jvm.dll+0x5f214a]
V  [jvm.dll+0x726fb5]
V  [jvm.dll+0x7285cd]
V  [jvm.dll+0x728c83]
V  [jvm.dll+0x243278]
V  [jvm.dll+0xbc53c]
V  [jvm.dll+0xbca3c]
V  [jvm.dll+0x353e3b]
V  [jvm.dll+0x321893]
V  [jvm.dll+0x320d8a]
V  [jvm.dll+0x1fc1e2]
V  [jvm.dll+0x1fb3d4]
V  [jvm.dll+0x183d6c]
V  [jvm.dll+0x209a57]
V  [jvm.dll+0x2082a1]
V  [jvm.dll+0x6ef58f]
V  [jvm.dll+0x6e80b5]
V  [jvm.dll+0x5f1036]
C  [ucrtbase.dll+0x21bb2]
C  [KERNEL32.DLL+0x17034]
C  [ntdll.dll+0x52651]


---------------  P R O C E S S  ---------------

Threads class SMR info:
_java_thread_list=0x000001cde796b3b0, length=41, elements={
0x000001cdc56eb000, 0x000001cddf2cf800, 0x000001cddf2d4000, 0x000001cddf300800,
0x000001cddf301800, 0x000001cddf305000, 0x000001cddf30d000, 0x000001cddf30f800,
0x000001cddf31a000, 0x000001cddfcad000, 0x000001cde1642000, 0x000001cde115d800,
0x000001cde1537000, 0x000001cde02a4800, 0x000001cde02a5800, 0x000001cde029f800,
0x000001cde02a0800, 0x000001cde02a1000, 0x000001cde0c1e000, 0x000001cde0c22800,
0x000001cde0c1d000, 0x000001cde0c24800, 0x000001cde0c1e800, 0x000001cde5551800,
0x000001cde5554000, 0x000001cde7b7c000, 0x000001cde7b7b800, 0x000001cde7b86000,
0x000001cde5548800, 0x000001cde5549000, 0x000001cde554a000, 0x000001cde5546800,
0x000001cde554d800, 0x000001cde554c800, 0x000001cde5547800, 0x000001cde554f000,
0x000001cde799d800, 0x000001cde554b800, 0x000001cde554f800, 0x000001cde554b000,
0x000001cde5553000
}

Java Threads: ( => current thread )
  0x000001cdc56eb000 JavaThread "main" [_thread_blocked, id=23868, stack(0x0000005f36e00000,0x0000005f36f00000)]
  0x000001cddf2cf800 JavaThread "Reference Handler" daemon [_thread_blocked, id=29740, stack(0x0000005f37500000,0x0000005f37600000)]
  0x000001cddf2d4000 JavaThread "Finalizer" daemon [_thread_blocked, id=21172, stack(0x0000005f37600000,0x0000005f37700000)]
  0x000001cddf300800 JavaThread "Signal Dispatcher" daemon [_thread_blocked, id=29956, stack(0x0000005f37700000,0x0000005f37800000)]
  0x000001cddf301800 JavaThread "Attach Listener" daemon [_thread_blocked, id=19672, stack(0x0000005f37800000,0x0000005f37900000)]
  0x000001cddf305000 JavaThread "Service Thread" daemon [_thread_blocked, id=20036, stack(0x0000005f37900000,0x0000005f37a00000)]
  0x000001cddf30d000 JavaThread "C2 CompilerThread0" daemon [_thread_in_native, id=29076, stack(0x0000005f37a00000,0x0000005f37b00000)]
  0x000001cddf30f800 JavaThread "C1 CompilerThread0" daemon [_thread_blocked, id=29944, stack(0x0000005f37b00000,0x0000005f37c00000)]
  0x000001cddf31a000 JavaThread "Sweeper thread" daemon [_thread_blocked, id=27384, stack(0x0000005f37c00000,0x0000005f37d00000)]
  0x000001cddfcad000 JavaThread "Common-Cleaner" daemon [_thread_blocked, id=22924, stack(0x0000005f37d00000,0x0000005f37e00000)]
  0x000001cde1642000 JavaThread "Daemon health stats" [_thread_blocked, id=12036, stack(0x0000005f38200000,0x0000005f38300000)]
  0x000001cde115d800 JavaThread "Incoming local TCP Connector on port 59427" [_thread_in_native, id=8196, stack(0x0000005f37f00000,0x0000005f38000000)]
  0x000001cde1537000 JavaThread "Daemon periodic checks" [_thread_blocked, id=12040, stack(0x0000005f38300000,0x0000005f38400000)]
  0x000001cde02a4800 JavaThread "Cache worker for journal cache (C:\Users\dlthd\.gradle\caches\journal-1)" [_thread_blocked, id=26904, stack(0x0000005f38b00000,0x0000005f38c00000)]
  0x000001cde02a5800 JavaThread "File lock request listener" [_thread_in_native, id=27092, stack(0x0000005f38c00000,0x0000005f38d00000)]
  0x000001cde029f800 JavaThread "Cache worker for file hash cache (C:\Users\dlthd\.gradle\caches\7.2\fileHashes)" [_thread_blocked, id=22212, stack(0x0000005f38d00000,0x0000005f38e00000)]
  0x000001cde02a0800 JavaThread "File watcher server" daemon [_thread_in_native, id=30620, stack(0x0000005f39000000,0x0000005f39100000)]
  0x000001cde02a1000 JavaThread "File watcher consumer" daemon [_thread_blocked, id=30328, stack(0x0000005f39100000,0x0000005f39200000)]
  0x000001cde0c1e000 JavaThread "Cache worker for execution history cache (C:\Users\dlthd\.gradle\caches\7.2\executionHistory)" [_thread_blocked, id=28384, stack(0x0000005f39400000,0x0000005f39500000)]
  0x000001cde0c22800 JavaThread "jar transforms" [_thread_blocked, id=12816, stack(0x0000005f39700000,0x0000005f39800000)]
  0x000001cde0c1d000 JavaThread "Cache worker for file content cache (C:\Users\dlthd\.gradle\caches\7.2\fileContent)" [_thread_blocked, id=12848, stack(0x0000005f39800000,0x0000005f39900000)]
  0x000001cde0c24800 JavaThread "jar transforms Thread 2" [_thread_blocked, id=30536, stack(0x0000005f39900000,0x0000005f39a00000)]
  0x000001cde0c1e800 JavaThread "jar transforms Thread 3" [_thread_blocked, id=9496, stack(0x0000005f39b00000,0x0000005f39c00000)]
  0x000001cde5551800 JavaThread "jar transforms Thread 4" [_thread_blocked, id=5232, stack(0x0000005f3c500000,0x0000005f3c600000)]
  0x000001cde5554000 JavaThread "Memory manager" [_thread_blocked, id=13980, stack(0x0000005f3c600000,0x0000005f3c700000)]
  0x000001cde7b7c000 JavaThread "Cache worker for Java compile cache (C:\Users\dlthd\.gradle\caches\7.2\javaCompile)" [_thread_blocked, id=25984, stack(0x0000005f3d500000,0x0000005f3d600000)]
  0x000001cde7b7b800 JavaThread "ForkJoinPool.commonPool-worker-5" daemon [_thread_blocked, id=6428, stack(0x0000005f3db00000,0x0000005f3dc00000)]
  0x000001cde7b86000 JavaThread "ForkJoinPool.commonPool-worker-7" daemon [_thread_blocked, id=19176, stack(0x0000005f3dc00000,0x0000005f3dd00000)]
  0x000001cde5548800 JavaThread "Daemon Thread 2" [_thread_blocked, id=29456, stack(0x0000005f36b00000,0x0000005f36c00000)]
  0x000001cde5549000 JavaThread "Handler for socket connection from /127.0.0.1:59427 to /127.0.0.1:59476" [_thread_in_native, id=26296, stack(0x0000005f36c00000,0x0000005f36d00000)]
  0x000001cde554a000 JavaThread "Cancel handler" [_thread_blocked, id=6880, stack(0x0000005f36d00000,0x0000005f36e00000)]
  0x000001cde5546800 JavaThread "Daemon worker Thread 2" [_thread_in_native, id=17404, stack(0x0000005f38400000,0x0000005f38500000)]
  0x000001cde554d800 JavaThread "Asynchronous log dispatcher for DefaultDaemonConnection: socket connection from /127.0.0.1:59427 to /127.0.0.1:59476" [_thread_in_native, id=27952, stack(0x0000005f38500000,0x0000005f38600000)]
  0x000001cde554c800 JavaThread "Stdin handler" [_thread_blocked, id=29108, stack(0x0000005f38600000,0x0000005f38700000)]
  0x000001cde5547800 JavaThread "Daemon client event forwarder" [_thread_blocked, id=27792, stack(0x0000005f38700000,0x0000005f38800000)]
  0x000001cde554f000 JavaThread "Cache worker for file hash cache (C:\Users\dlthd\AndroidStudioProjects\RegisterLogin\.gradle\7.2\fileHashes)" [_thread_blocked, id=30356, stack(0x0000005f38800000,0x0000005f38900000)]
=>0x000001cde799d800 JavaThread "C2 CompilerThread1" daemon [_thread_in_native, id=22236, stack(0x0000005f38900000,0x0000005f38a00000)]
  0x000001cde554b800 JavaThread "Cache worker for checksums cache (C:\Users\dlthd\AndroidStudioProjects\RegisterLogin\.gradle\checksums)" [_thread_blocked, id=29644, stack(0x0000005f38a00000,0x0000005f38b00000)]
  0x000001cde554f800 JavaThread "Cache worker for cache directory md-supplier (C:\Users\dlthd\.gradle\caches\7.2\md-supplier)" [_thread_blocked, id=23404, stack(0x0000005f38f00000,0x0000005f39000000)]
  0x000001cde554b000 JavaThread "Cache worker for cache directory md-rule (C:\Users\dlthd\.gradle\caches\7.2\md-rule)" [_thread_blocked, id=25888, stack(0x0000005f39200000,0x0000005f39300000)]
  0x000001cde5553000 JavaThread "Cache worker for dependencies-accessors (C:\Users\dlthd\AndroidStudioProjects\RegisterLogin\.gradle\7.2\dependencies-accessors)" [_thread_blocked, id=30344, stack(0x0000005f39300000,0x0000005f39400000)]

Other Threads:
  0x000001cddf2c5800 VMThread "VM Thread" [stack: 0x0000005f37400000,0x0000005f37500000] [id=20672]
  0x000001cddfcde800 WatcherThread [stack: 0x0000005f37e00000,0x0000005f37f00000] [id=17660]
  0x000001cdc5704800 GCTaskThread "GC Thread#0" [stack: 0x0000005f36f00000,0x0000005f37000000] [id=2816]
  0x000001cddff1e000 GCTaskThread "GC Thread#1" [stack: 0x0000005f38000000,0x0000005f38100000] [id=22464]
  0x000001cde07d2800 GCTaskThread "GC Thread#2" [stack: 0x0000005f38100000,0x0000005f38200000] [id=13552]
  0x000001cde24da800 GCTaskThread "GC Thread#3" [stack: 0x0000005f38e00000,0x0000005f38f00000] [id=24476]
  0x000001cdc5735800 ConcurrentGCThread "G1 Main Marker" [stack: 0x0000005f37000000,0x0000005f37100000] [id=27980]
  0x000001cdc5736800 ConcurrentGCThread "G1 Conc#0" [stack: 0x0000005f37100000,0x0000005f37200000] [id=26888]
  0x000001cdc57c4000 ConcurrentGCThread "G1 Refine#0" [stack: 0x0000005f37200000,0x0000005f37300000] [id=23680]
  0x000001cdc57c5000 ConcurrentGCThread "G1 Young RemSet Sampling" [stack: 0x0000005f37300000,0x0000005f37400000] [id=14280]

Threads with active compile tasks:
C2 CompilerThread0 124306 16098   !   4       org.gradle.internal.service.DefaultServiceRegistry$ManagedObjectServiceProvider::getInstance (47 bytes)
C2 CompilerThread1 124306 16097       4       org.gradle.internal.service.DefaultServiceRegistry$SingletonService::get (5 bytes)

VM state:not at safepoint (normal execution)

VM Mutex/Monitor currently owned by a thread: None

Heap address: 0x0000000080000000, size: 2048 MB, Compressed Oops mode: 32-bit
Narrow klass base: 0x0000000000000000, Narrow klass shift: 3
Compressed class space size: 1073741824 Address: 0x0000000100000000

Heap:
 garbage-first heap   total 227328K, used 140490K [0x0000000080000000, 0x0000000100000000)
  region size 1024K, 28 young (28672K), 2 survivors (2048K)
 Metaspace       used 117211K, capacity 120480K, committed 120656K, reserved 1153024K
  class space    used 15211K, capacity 16496K, committed 16512K, reserved 1048576K
Heap Regions: E=young(eden), S=young(survivor), O=old, HS=humongous(starts), HC=humongous(continues), CS=collection set, F=free, A=archive, TAMS=top-at-mark-start (previous, next)
|   0|0x0000000080000000, 0x0000000080100000, 0x0000000080100000|100%| O|  |TAMS 0x0000000080100000, 0x0000000080000000| Untracked 
|   1|0x0000000080100000, 0x0000000080200000, 0x0000000080200000|100%| O|  |TAMS 0x0000000080200000, 0x0000000080100000| Untracked 
|   2|0x0000000080200000, 0x0000000080300000, 0x0000000080300000|100%| O|  |TAMS 0x0000000080300000, 0x0000000080200000| Untracked 
|   3|0x0000000080300000, 0x0000000080400000, 0x0000000080400000|100%|HS|  |TAMS 0x0000000080400000, 0x0000000080300000| Complete 
|   4|0x0000000080400000, 0x0000000080500000, 0x0000000080500000|100%|HC|  |TAMS 0x0000000080500000, 0x0000000080400000| Complete 
|   5|0x0000000080500000, 0x0000000080600000, 0x0000000080600000|100%|HC|  |TAMS 0x0000000080600000, 0x0000000080500000| Complete 
|   6|0x0000000080600000, 0x0000000080700000, 0x0000000080700000|100%| O|  |TAMS 0x0000000080700000, 0x0000000080600000| Untracked 
|   7|0x0000000080700000, 0x0000000080800000, 0x0000000080800000|100%| O|  |TAMS 0x0000000080800000, 0x0000000080700000| Untracked 
|   8|0x0000000080800000, 0x0000000080900000, 0x0000000080900000|100%| O|  |TAMS 0x0000000080900000, 0x0000000080800000| Untracked 
|   9|0x0000000080900000, 0x0000000080a00000, 0x0000000080a00000|100%| O|  |TAMS 0x0000000080a00000, 0x0000000080900000| Untracked 
|  10|0x0000000080a00000, 0x0000000080b00000, 0x0000000080b00000|100%| O|  |TAMS 0x0000000080b00000, 0x0000000080a00000| Untracked 
|  11|0x0000000080b00000, 0x0000000080c00000, 0x0000000080c00000|100%| O|  |TAMS 0x0000000080c00000, 0x0000000080b00000| Untracked 
|  12|0x0000000080c00000, 0x0000000080d00000, 0x0000000080d00000|100%| O|  |TAMS 0x0000000080d00000, 0x0000000080c00000| Untracked 
|  13|0x0000000080d00000, 0x0000000080e00000, 0x0000000080e00000|100%| O|  |TAMS 0x0000000080e00000, 0x0000000080d00000| Untracked 
|  14|0x0000000080e00000, 0x0000000080f00000, 0x0000000080f00000|100%| O|  |TAMS 0x0000000080f00000, 0x0000000080e00000| Untracked 
|  15|0x0000000080f00000, 0x0000000081000000, 0x0000000081000000|100%| O|  |TAMS 0x0000000081000000, 0x0000000080f00000| Untracked 
|  16|0x0000000081000000, 0x0000000081100000, 0x0000000081100000|100%| O|  |TAMS 0x0000000081100000, 0x0000000081000000| Untracked 
|  17|0x0000000081100000, 0x0000000081200000, 0x0000000081200000|100%|HS|  |TAMS 0x0000000081200000, 0x0000000081100000| Complete 
|  18|0x0000000081200000, 0x0000000081300000, 0x0000000081300000|100%| O|  |TAMS 0x0000000081300000, 0x0000000081200000| Untracked 
|  19|0x0000000081300000, 0x0000000081400000, 0x0000000081400000|100%| O|  |TAMS 0x0000000081400000, 0x0000000081300000| Untracked 
|  20|0x0000000081400000, 0x0000000081500000, 0x0000000081500000|100%| O|  |TAMS 0x0000000081500000, 0x0000000081400000| Untracked 
|  21|0x0000000081500000, 0x0000000081600000, 0x0000000081600000|100%| O|  |TAMS 0x0000000081600000, 0x0000000081500000| Untracked 
|  22|0x0000000081600000, 0x0000000081700000, 0x0000000081700000|100%| O|  |TAMS 0x0000000081700000, 0x0000000081600000| Untracked 
|  23|0x0000000081700000, 0x0000000081800000, 0x0000000081800000|100%| O|  |TAMS 0x0000000081800000, 0x0000000081700000| Untracked 
|  24|0x0000000081800000, 0x0000000081900000, 0x0000000081900000|100%| O|  |TAMS 0x0000000081900000, 0x0000000081800000| Untracked 
|  25|0x0000000081900000, 0x0000000081a00000, 0x0000000081a00000|100%| O|  |TAMS 0x0000000081a00000, 0x0000000081900000| Untracked 
|  26|0x0000000081a00000, 0x0000000081b00000, 0x0000000081b00000|100%| O|  |TAMS 0x0000000081b00000, 0x0000000081a00000| Untracked 
|  27|0x0000000081b00000, 0x0000000081c00000, 0x0000000081c00000|100%| O|  |TAMS 0x0000000081c00000, 0x0000000081b00000| Untracked 
|  28|0x0000000081c00000, 0x0000000081d00000, 0x0000000081d00000|100%|HS|  |TAMS 0x0000000081d00000, 0x0000000081c00000| Complete 
|  29|0x0000000081d00000, 0x0000000081e00000, 0x0000000081e00000|100%|HS|  |TAMS 0x0000000081e00000, 0x0000000081d00000| Complete 
|  30|0x0000000081e00000, 0x0000000081f00000, 0x0000000081f00000|100%|HS|  |TAMS 0x0000000081f00000, 0x0000000081e00000| Complete 
|  31|0x0000000081f00000, 0x0000000082000000, 0x0000000082000000|100%|HC|  |TAMS 0x0000000082000000, 0x0000000081f00000| Complete 
|  32|0x0000000082000000, 0x0000000082100000, 0x0000000082100000|100%| O|  |TAMS 0x0000000082100000, 0x0000000082000000| Untracked 
|  33|0x0000000082100000, 0x0000000082200000, 0x0000000082200000|100%| O|  |TAMS 0x0000000082200000, 0x0000000082100000| Untracked 
|  34|0x0000000082200000, 0x0000000082300000, 0x0000000082300000|100%| O|  |TAMS 0x0000000082300000, 0x0000000082200000| Untracked 
|  35|0x0000000082300000, 0x0000000082400000, 0x0000000082400000|100%| O|  |TAMS 0x0000000082400000, 0x0000000082300000| Untracked 
|  36|0x0000000082400000, 0x0000000082500000, 0x0000000082500000|100%| O|  |TAMS 0x0000000082500000, 0x0000000082400000| Untracked 
|  37|0x0000000082500000, 0x0000000082600000, 0x0000000082600000|100%| O|  |TAMS 0x0000000082600000, 0x0000000082500000| Untracked 
|  38|0x0000000082600000, 0x0000000082700000, 0x0000000082700000|100%| O|  |TAMS 0x0000000082700000, 0x0000000082600000| Untracked 
|  39|0x0000000082700000, 0x0000000082800000, 0x0000000082800000|100%| O|  |TAMS 0x0000000082800000, 0x0000000082700000| Untracked 
|  40|0x0000000082800000, 0x0000000082900000, 0x0000000082900000|100%| O|  |TAMS 0x0000000082900000, 0x0000000082800000| Untracked 
|  41|0x0000000082900000, 0x0000000082a00000, 0x0000000082a00000|100%| O|  |TAMS 0x0000000082a00000, 0x0000000082900000| Untracked 
|  42|0x0000000082a00000, 0x0000000082b00000, 0x0000000082b00000|100%| O|  |TAMS 0x0000000082b00000, 0x0000000082a00000| Untracked 
|  43|0x0000000082b00000, 0x0000000082c00000, 0x0000000082c00000|100%| O|  |TAMS 0x0000000082c00000, 0x0000000082b00000| Untracked 
|  44|0x0000000082c00000, 0x0000000082d00000, 0x0000000082d00000|100%| O|  |TAMS 0x0000000082d00000, 0x0000000082c00000| Untracked 
|  45|0x0000000082d00000, 0x0000000082e00000, 0x0000000082e00000|100%| O|  |TAMS 0x0000000082e00000, 0x0000000082d00000| Untracked 
|  46|0x0000000082e00000, 0x0000000082f00000, 0x0000000082f00000|100%| O|  |TAMS 0x0000000082f00000, 0x0000000082e00000| Untracked 
|  47|0x0000000082f00000, 0x0000000083000000, 0x0000000083000000|100%| O|  |TAMS 0x0000000083000000, 0x0000000082f00000| Untracked 
|  48|0x0000000083000000, 0x0000000083100000, 0x0000000083100000|100%| O|  |TAMS 0x0000000083100000, 0x0000000083000000| Untracked 
|  49|0x0000000083100000, 0x0000000083200000, 0x0000000083200000|100%| O|  |TAMS 0x0000000083200000, 0x0000000083100000| Untracked 
|  50|0x0000000083200000, 0x0000000083300000, 0x0000000083300000|100%| O|  |TAMS 0x0000000083300000, 0x0000000083200000| Untracked 
|  51|0x0000000083300000, 0x0000000083400000, 0x0000000083400000|100%| O|  |TAMS 0x0000000083400000, 0x0000000083300000| Untracked 
|  52|0x0000000083400000, 0x0000000083500000, 0x0000000083500000|100%| O|  |TAMS 0x0000000083500000, 0x0000000083400000| Untracked 
|  53|0x0000000083500000, 0x0000000083600000, 0x0000000083600000|100%| O|  |TAMS 0x0000000083600000, 0x0000000083500000| Untracked 
|  54|0x0000000083600000, 0x0000000083700000, 0x0000000083700000|100%| O|  |TAMS 0x0000000083700000, 0x0000000083600000| Untracked 
|  55|0x0000000083700000, 0x0000000083800000, 0x0000000083800000|100%| O|  |TAMS 0x0000000083800000, 0x0000000083700000| Untracked 
|  56|0x0000000083800000, 0x0000000083900000, 0x0000000083900000|100%| O|  |TAMS 0x0000000083900000, 0x0000000083800000| Untracked 
|  57|0x0000000083900000, 0x0000000083a00000, 0x0000000083a00000|100%| O|  |TAMS 0x0000000083a00000, 0x0000000083900000| Untracked 
|  58|0x0000000083a00000, 0x0000000083b00000, 0x0000000083b00000|100%| O|  |TAMS 0x0000000083b00000, 0x0000000083a00000| Untracked 
|  59|0x0000000083b00000, 0x0000000083c00000, 0x0000000083c00000|100%| O|  |TAMS 0x0000000083c00000, 0x0000000083b00000| Untracked 
|  60|0x0000000083c00000, 0x0000000083d00000, 0x0000000083d00000|100%| O|  |TAMS 0x0000000083d00000, 0x0000000083c00000| Untracked 
|  61|0x0000000083d00000, 0x0000000083e00000, 0x0000000083e00000|100%| O|  |TAMS 0x0000000083e00000, 0x0000000083d00000| Untracked 
|  62|0x0000000083e00000, 0x0000000083f00000, 0x0000000083f00000|100%| O|  |TAMS 0x0000000083f00000, 0x0000000083e00000| Untracked 
|  63|0x0000000083f00000, 0x0000000084000000, 0x0000000084000000|100%| O|  |TAMS 0x0000000083f00000, 0x0000000083f00000| Untracked 
|  64|0x0000000084000000, 0x0000000084100000, 0x0000000084100000|100%| O|  |TAMS 0x0000000084100000, 0x0000000084000000| Untracked 
|  65|0x0000000084100000, 0x0000000084200000, 0x0000000084200000|100%| O|  |TAMS 0x0000000084200000, 0x0000000084100000| Untracked 
|  66|0x0000000084200000, 0x0000000084300000, 0x0000000084300000|100%| O|  |TAMS 0x0000000084300000, 0x0000000084200000| Untracked 
|  67|0x0000000084300000, 0x0000000084400000, 0x0000000084400000|100%| O|  |TAMS 0x0000000084400000, 0x0000000084300000| Untracked 
|  68|0x0000000084400000, 0x0000000084500000, 0x0000000084500000|100%| O|  |TAMS 0x0000000084500000, 0x0000000084400000| Untracked 
|  69|0x0000000084500000, 0x0000000084600000, 0x0000000084600000|100%| O|  |TAMS 0x0000000084600000, 0x0000000084500000| Untracked 
|  70|0x0000000084600000, 0x0000000084700000, 0x0000000084700000|100%| O|  |TAMS 0x0000000084700000, 0x0000000084600000| Untracked 
|  71|0x0000000084700000, 0x0000000084800000, 0x0000000084800000|100%| O|  |TAMS 0x0000000084800000, 0x0000000084700000| Untracked 
|  72|0x0000000084800000, 0x0000000084900000, 0x0000000084900000|100%| O|  |TAMS 0x0000000084900000, 0x0000000084800000| Untracked 
|  73|0x0000000084900000, 0x0000000084a00000, 0x0000000084a00000|100%| O|  |TAMS 0x0000000084a00000, 0x0000000084900000| Untracked 
|  74|0x0000000084a00000, 0x0000000084b00000, 0x0000000084b00000|100%| O|  |TAMS 0x0000000084b00000, 0x0000000084a00000| Untracked 
|  75|0x0000000084b00000, 0x0000000084c00000, 0x0000000084c00000|100%| O|  |TAMS 0x0000000084c00000, 0x0000000084b00000| Untracked 
|  76|0x0000000084c00000, 0x0000000084d00000, 0x0000000084d00000|100%| O|  |TAMS 0x0000000084d00000, 0x0000000084c00000| Untracked 
|  77|0x0000000084d00000, 0x0000000084e00000, 0x0000000084e00000|100%| O|  |TAMS 0x0000000084e00000, 0x0000000084d00000| Untracked 
|  78|0x0000000084e00000, 0x0000000084f00000, 0x0000000084f00000|100%| O|  |TAMS 0x0000000084f00000, 0x0000000084e00000| Untracked 
|  79|0x0000000084f00000, 0x0000000085000000, 0x0000000085000000|100%| O|  |TAMS 0x0000000085000000, 0x0000000084f00000| Untracked 
|  80|0x0000000085000000, 0x0000000085100000, 0x0000000085100000|100%| O|  |TAMS 0x0000000085100000, 0x0000000085000000| Untracked 
|  81|0x0000000085100000, 0x0000000085200000, 0x0000000085200000|100%| O|  |TAMS 0x0000000085200000, 0x0000000085100000| Untracked 
|  82|0x0000000085200000, 0x0000000085300000, 0x0000000085300000|100%| O|  |TAMS 0x0000000085300000, 0x0000000085200000| Untracked 
|  83|0x0000000085300000, 0x0000000085400000, 0x0000000085400000|100%| O|  |TAMS 0x0000000085347c00, 0x0000000085300000| Untracked 
|  84|0x0000000085400000, 0x0000000085500000, 0x0000000085500000|100%| O|  |TAMS 0x0000000085500000, 0x0000000085400000| Untracked 
|  85|0x0000000085500000, 0x0000000085600000, 0x0000000085600000|100%|HS|  |TAMS 0x0000000085500000, 0x0000000085500000| Complete 
|  86|0x0000000085600000, 0x0000000085700000, 0x0000000085700000|100%|HC|  |TAMS 0x0000000085600000, 0x0000000085600000| Complete 
|  87|0x0000000085700000, 0x0000000085800000, 0x0000000085800000|100%| O|  |TAMS 0x0000000085700000, 0x0000000085700000| Untracked 
|  88|0x0000000085800000, 0x0000000085900000, 0x0000000085900000|100%| O|  |TAMS 0x0000000085800000, 0x0000000085800000| Untracked 
|  89|0x0000000085900000, 0x0000000085a00000, 0x0000000085a00000|100%| O|  |TAMS 0x0000000085900000, 0x0000000085900000| Untracked 
|  90|0x0000000085a00000, 0x0000000085b00000, 0x0000000085b00000|100%| O|  |TAMS 0x0000000085a00000, 0x0000000085a00000| Untracked 
|  91|0x0000000085b00000, 0x0000000085c00000, 0x0000000085c00000|100%| O|  |TAMS 0x0000000085b00000, 0x0000000085b00000| Untracked 
|  92|0x0000000085c00000, 0x0000000085d00000, 0x0000000085d00000|100%| O|  |TAMS 0x0000000085c00000, 0x0000000085c00000| Untracked 
|  93|0x0000000085d00000, 0x0000000085e00000, 0x0000000085e00000|100%| O|  |TAMS 0x0000000085d00000, 0x0000000085d00000| Untracked 
|  94|0x0000000085e00000, 0x0000000085f00000, 0x0000000085f00000|100%| O|  |TAMS 0x0000000085e00000, 0x0000000085e00000| Untracked 
|  95|0x0000000085f00000, 0x0000000086000000, 0x0000000086000000|100%| O|  |TAMS 0x0000000085f00000, 0x0000000085f00000| Untracked 
|  96|0x0000000086000000, 0x0000000086100000, 0x0000000086100000|100%| O|  |TAMS 0x0000000086000000, 0x0000000086000000| Untracked 
|  97|0x0000000086100000, 0x0000000086200000, 0x0000000086200000|100%| O|  |TAMS 0x0000000086100000, 0x0000000086100000| Untracked 
|  98|0x0000000086200000, 0x0000000086300000, 0x0000000086300000|100%|HS|  |TAMS 0x0000000086200000, 0x0000000086200000| Complete 
|  99|0x0000000086300000, 0x0000000086400000, 0x0000000086400000|100%|HC|  |TAMS 0x0000000086300000, 0x0000000086300000| Complete 
| 100|0x0000000086400000, 0x0000000086500000, 0x0000000086500000|100%| O|  |TAMS 0x0000000086400000, 0x0000000086400000| Untracked 
| 101|0x0000000086500000, 0x0000000086600000, 0x0000000086600000|100%| O|  |TAMS 0x0000000086500000, 0x0000000086500000| Untracked 
| 102|0x0000000086600000, 0x0000000086700000, 0x0000000086700000|100%| O|  |TAMS 0x0000000086600000, 0x0000000086600000| Untracked 
| 103|0x0000000086700000, 0x0000000086800000, 0x0000000086800000|100%| O|  |TAMS 0x0000000086700000, 0x0000000086700000| Untracked 
| 104|0x0000000086800000, 0x0000000086900000, 0x0000000086900000|100%| O|  |TAMS 0x0000000086800000, 0x0000000086800000| Untracked 
| 105|0x0000000086900000, 0x0000000086932800, 0x0000000086a00000| 19%| O|  |TAMS 0x0000000086900000, 0x0000000086900000| Untracked 
| 106|0x0000000086a00000, 0x0000000086b00000, 0x0000000086b00000|100%|HS|  |TAMS 0x0000000086a00000, 0x0000000086a00000| Complete 
| 107|0x0000000086b00000, 0x0000000086c00000, 0x0000000086c00000|100%|HC|  |TAMS 0x0000000086b00000, 0x0000000086b00000| Complete 
| 108|0x0000000086c00000, 0x0000000086d00000, 0x0000000086d00000|100%|HS|  |TAMS 0x0000000086c00000, 0x0000000086c00000| Complete 
| 109|0x0000000086d00000, 0x0000000086e00000, 0x0000000086e00000|100%|HC|  |TAMS 0x0000000086d00000, 0x0000000086d00000| Complete 
| 110|0x0000000086e00000, 0x0000000086f00000, 0x0000000086f00000|100%|HS|  |TAMS 0x0000000086e00000, 0x0000000086e00000| Complete 
| 111|0x0000000086f00000, 0x0000000087000000, 0x0000000087000000|100%|HC|  |TAMS 0x0000000086f00000, 0x0000000086f00000| Complete 
| 112|0x0000000087000000, 0x0000000087000000, 0x0000000087100000|  0%| F|  |TAMS 0x0000000087000000, 0x0000000087000000| Untracked 
| 113|0x0000000087100000, 0x0000000087100000, 0x0000000087200000|  0%| F|  |TAMS 0x0000000087100000, 0x0000000087100000| Untracked 
| 114|0x0000000087200000, 0x0000000087200000, 0x0000000087300000|  0%| F|  |TAMS 0x0000000087200000, 0x0000000087200000| Untracked 
| 115|0x0000000087300000, 0x0000000087300000, 0x0000000087400000|  0%| F|  |TAMS 0x0000000087300000, 0x0000000087300000| Untracked 
| 116|0x0000000087400000, 0x0000000087400000, 0x0000000087500000|  0%| F|  |TAMS 0x0000000087400000, 0x0000000087400000| Untracked 
| 117|0x0000000087500000, 0x0000000087500000, 0x0000000087600000|  0%| F|  |TAMS 0x0000000087500000, 0x0000000087500000| Untracked 
| 118|0x0000000087600000, 0x0000000087600000, 0x0000000087700000|  0%| F|  |TAMS 0x0000000087600000, 0x0000000087600000| Untracked 
| 119|0x0000000087700000, 0x0000000087700000, 0x0000000087800000|  0%| F|  |TAMS 0x0000000087700000, 0x0000000087700000| Untracked 
| 120|0x0000000087800000, 0x0000000087800000, 0x0000000087900000|  0%| F|  |TAMS 0x0000000087800000, 0x0000000087800000| Untracked 
| 121|0x0000000087900000, 0x0000000087900000, 0x0000000087a00000|  0%| F|  |TAMS 0x0000000087900000, 0x0000000087900000| Untracked 
| 122|0x0000000087a00000, 0x0000000087a00000, 0x0000000087b00000|  0%| F|  |TAMS 0x0000000087a00000, 0x0000000087a00000| Untracked 
| 123|0x0000000087b00000, 0x0000000087b00000, 0x0000000087c00000|  0%| F|  |TAMS 0x0000000087b00000, 0x0000000087b00000| Untracked 
| 124|0x0000000087c00000, 0x0000000087c00000, 0x0000000087d00000|  0%| F|  |TAMS 0x0000000087c00000, 0x0000000087c00000| Untracked 
| 125|0x0000000087d00000, 0x0000000087d00000, 0x0000000087e00000|  0%| F|  |TAMS 0x0000000087d00000, 0x0000000087d00000| Untracked 
| 126|0x0000000087e00000, 0x0000000087e00000, 0x0000000087f00000|  0%| F|  |TAMS 0x0000000087e00000, 0x0000000087e00000| Untracked 
| 127|0x0000000087f00000, 0x0000000087f00000, 0x0000000088000000|  0%| F|  |TAMS 0x0000000087f00000, 0x0000000087f00000| Untracked 
| 128|0x0000000088000000, 0x0000000088000000, 0x0000000088100000|  0%| F|  |TAMS 0x0000000088000000, 0x0000000088000000| Untracked 
| 129|0x0000000088100000, 0x0000000088100000, 0x0000000088200000|  0%| F|  |TAMS 0x0000000088100000, 0x0000000088100000| Untracked 
| 130|0x0000000088200000, 0x0000000088200000, 0x0000000088300000|  0%| F|  |TAMS 0x0000000088200000, 0x0000000088200000| Untracked 
| 131|0x0000000088300000, 0x0000000088300000, 0x0000000088400000|  0%| F|  |TAMS 0x0000000088300000, 0x0000000088300000| Untracked 
| 132|0x0000000088400000, 0x0000000088400000, 0x0000000088500000|  0%| F|  |TAMS 0x0000000088400000, 0x0000000088400000| Untracked 
| 133|0x0000000088500000, 0x0000000088500000, 0x0000000088600000|  0%| F|  |TAMS 0x0000000088500000, 0x0000000088500000| Untracked 
| 134|0x0000000088600000, 0x0000000088600000, 0x0000000088700000|  0%| F|  |TAMS 0x0000000088600000, 0x0000000088600000| Untracked 
| 135|0x0000000088700000, 0x0000000088700000, 0x0000000088800000|  0%| F|  |TAMS 0x0000000088700000, 0x0000000088700000| Untracked 
| 136|0x0000000088800000, 0x0000000088800000, 0x0000000088900000|  0%| F|  |TAMS 0x0000000088800000, 0x0000000088800000| Untracked 
| 137|0x0000000088900000, 0x0000000088900000, 0x0000000088a00000|  0%| F|  |TAMS 0x0000000088900000, 0x0000000088900000| Untracked 
| 138|0x0000000088a00000, 0x0000000088a00000, 0x0000000088b00000|  0%| F|  |TAMS 0x0000000088a00000, 0x0000000088a00000| Untracked 
| 139|0x0000000088b00000, 0x0000000088b00000, 0x0000000088c00000|  0%| F|  |TAMS 0x0000000088b00000, 0x0000000088b00000| Untracked 
| 140|0x0000000088c00000, 0x0000000088c00000, 0x0000000088d00000|  0%| F|  |TAMS 0x0000000088c00000, 0x0000000088c00000| Untracked 
| 141|0x0000000088d00000, 0x0000000088d00000, 0x0000000088e00000|  0%| F|  |TAMS 0x0000000088d00000, 0x0000000088d00000| Untracked 
| 142|0x0000000088e00000, 0x0000000088e00000, 0x0000000088f00000|  0%| F|  |TAMS 0x0000000088e00000, 0x0000000088e00000| Untracked 
| 143|0x0000000088f00000, 0x0000000088f00000, 0x0000000089000000|  0%| F|  |TAMS 0x0000000088f00000, 0x0000000088f00000| Untracked 
| 144|0x0000000089000000, 0x0000000089000000, 0x0000000089100000|  0%| F|  |TAMS 0x0000000089000000, 0x0000000089000000| Untracked 
| 145|0x0000000089100000, 0x0000000089100000, 0x0000000089200000|  0%| F|  |TAMS 0x0000000089100000, 0x0000000089100000| Untracked 
| 146|0x0000000089200000, 0x0000000089200000, 0x0000000089300000|  0%| F|  |TAMS 0x0000000089200000, 0x0000000089200000| Untracked 
| 147|0x0000000089300000, 0x0000000089300000, 0x0000000089400000|  0%| F|  |TAMS 0x0000000089300000, 0x0000000089300000| Untracked 
| 148|0x0000000089400000, 0x0000000089400000, 0x0000000089500000|  0%| F|  |TAMS 0x0000000089400000, 0x0000000089400000| Untracked 
| 149|0x0000000089500000, 0x0000000089500000, 0x0000000089600000|  0%| F|  |TAMS 0x0000000089500000, 0x0000000089500000| Untracked 
| 150|0x0000000089600000, 0x0000000089600000, 0x0000000089700000|  0%| F|  |TAMS 0x0000000089600000, 0x0000000089600000| Untracked 
| 151|0x0000000089700000, 0x0000000089700000, 0x0000000089800000|  0%| F|  |TAMS 0x0000000089700000, 0x0000000089700000| Untracked 
| 152|0x0000000089800000, 0x0000000089800000, 0x0000000089900000|  0%| F|  |TAMS 0x0000000089800000, 0x0000000089800000| Untracked 
| 153|0x0000000089900000, 0x0000000089900000, 0x0000000089a00000|  0%| F|  |TAMS 0x0000000089900000, 0x0000000089900000| Untracked 
| 154|0x0000000089a00000, 0x0000000089a00000, 0x0000000089b00000|  0%| F|  |TAMS 0x0000000089a00000, 0x0000000089a00000| Untracked 
| 155|0x0000000089b00000, 0x0000000089b00000, 0x0000000089c00000|  0%| F|  |TAMS 0x0000000089b00000, 0x0000000089b00000| Untracked 
| 156|0x0000000089c00000, 0x0000000089c00000, 0x0000000089d00000|  0%| F|  |TAMS 0x0000000089c00000, 0x0000000089c00000| Untracked 
| 157|0x0000000089d00000, 0x0000000089d00000, 0x0000000089e00000|  0%| F|  |TAMS 0x0000000089d00000, 0x0000000089d00000| Untracked 
| 158|0x0000000089e00000, 0x0000000089e00000, 0x0000000089f00000|  0%| F|  |TAMS 0x0000000089e00000, 0x0000000089e00000| Untracked 
| 159|0x0000000089f00000, 0x0000000089f00000, 0x000000008a000000|  0%| F|  |TAMS 0x0000000089f00000, 0x0000000089f00000| Untracked 
| 160|0x000000008a000000, 0x000000008a100000, 0x000000008a100000|100%| S|CS|TAMS 0x000000008a000000, 0x000000008a000000| Complete 
| 161|0x000000008a100000, 0x000000008a200000, 0x000000008a200000|100%| S|CS|TAMS 0x000000008a100000, 0x000000008a100000| Complete 
| 162|0x000000008a200000, 0x000000008a200000, 0x000000008a300000|  0%| F|  |TAMS 0x000000008a200000, 0x000000008a200000| Untracked 
| 163|0x000000008a300000, 0x000000008a300000, 0x000000008a400000|  0%| F|  |TAMS 0x000000008a300000, 0x000000008a300000| Untracked 
| 164|0x000000008a400000, 0x000000008a400000, 0x000000008a500000|  0%| F|  |TAMS 0x000000008a400000, 0x000000008a400000| Untracked 
| 165|0x000000008a500000, 0x000000008a500000, 0x000000008a600000|  0%| F|  |TAMS 0x000000008a500000, 0x000000008a500000| Untracked 
| 166|0x000000008a600000, 0x000000008a600000, 0x000000008a700000|  0%| F|  |TAMS 0x000000008a600000, 0x000000008a600000| Untracked 
| 167|0x000000008a700000, 0x000000008a700000, 0x000000008a800000|  0%| F|  |TAMS 0x000000008a700000, 0x000000008a700000| Untracked 
| 168|0x000000008a800000, 0x000000008a800000, 0x000000008a900000|  0%| F|  |TAMS 0x000000008a800000, 0x000000008a800000| Untracked 
| 169|0x000000008a900000, 0x000000008a900000, 0x000000008aa00000|  0%| F|  |TAMS 0x000000008a900000, 0x000000008a900000| Untracked 
| 170|0x000000008aa00000, 0x000000008aa00000, 0x000000008ab00000|  0%| F|  |TAMS 0x000000008aa00000, 0x000000008aa00000| Untracked 
| 171|0x000000008ab00000, 0x000000008ab00000, 0x000000008ac00000|  0%| F|  |TAMS 0x000000008ab00000, 0x000000008ab00000| Untracked 
| 172|0x000000008ac00000, 0x000000008ac00000, 0x000000008ad00000|  0%| F|  |TAMS 0x000000008ac00000, 0x000000008ac00000| Untracked 
| 173|0x000000008ad00000, 0x000000008ad00000, 0x000000008ae00000|  0%| F|  |TAMS 0x000000008ad00000, 0x000000008ad00000| Untracked 
| 174|0x000000008ae00000, 0x000000008ae00000, 0x000000008af00000|  0%| F|  |TAMS 0x000000008ae00000, 0x000000008ae00000| Untracked 
| 175|0x000000008af00000, 0x000000008af00000, 0x000000008b000000|  0%| F|  |TAMS 0x000000008af00000, 0x000000008af00000| Untracked 
| 176|0x000000008b000000, 0x000000008b000000, 0x000000008b100000|  0%| F|  |TAMS 0x000000008b000000, 0x000000008b000000| Untracked 
| 177|0x000000008b100000, 0x000000008b100000, 0x000000008b200000|  0%| F|  |TAMS 0x000000008b100000, 0x000000008b100000| Untracked 
| 178|0x000000008b200000, 0x000000008b200000, 0x000000008b300000|  0%| F|  |TAMS 0x000000008b200000, 0x000000008b200000| Untracked 
| 179|0x000000008b300000, 0x000000008b300000, 0x000000008b400000|  0%| F|  |TAMS 0x000000008b300000, 0x000000008b300000| Untracked 
| 180|0x000000008b400000, 0x000000008b400000, 0x000000008b500000|  0%| F|  |TAMS 0x000000008b400000, 0x000000008b400000| Untracked 
| 181|0x000000008b500000, 0x000000008b500000, 0x000000008b600000|  0%| F|  |TAMS 0x000000008b500000, 0x000000008b500000| Untracked 
| 182|0x000000008b600000, 0x000000008b600000, 0x000000008b700000|  0%| F|  |TAMS 0x000000008b600000, 0x000000008b600000| Untracked 
| 183|0x000000008b700000, 0x000000008b700000, 0x000000008b800000|  0%| F|  |TAMS 0x000000008b700000, 0x000000008b700000| Untracked 
| 184|0x000000008b800000, 0x000000008b800000, 0x000000008b900000|  0%| F|  |TAMS 0x000000008b800000, 0x000000008b800000| Untracked 
| 185|0x000000008b900000, 0x000000008b900000, 0x000000008ba00000|  0%| F|  |TAMS 0x000000008b900000, 0x000000008b900000| Untracked 
| 186|0x000000008ba00000, 0x000000008ba00000, 0x000000008bb00000|  0%| F|  |TAMS 0x000000008ba00000, 0x000000008ba00000| Untracked 
| 187|0x000000008bb00000, 0x000000008bb00000, 0x000000008bc00000|  0%| F|  |TAMS 0x000000008bb00000, 0x000000008bb00000| Untracked 
| 188|0x000000008bc00000, 0x000000008bc00000, 0x000000008bd00000|  0%| F|  |TAMS 0x000000008bc00000, 0x000000008bc00000| Untracked 
| 189|0x000000008bd00000, 0x000000008bd00000, 0x000000008be00000|  0%| F|  |TAMS 0x000000008bd00000, 0x000000008bd00000| Untracked 
| 190|0x000000008be00000, 0x000000008be00000, 0x000000008bf00000|  0%| F|  |TAMS 0x000000008be00000, 0x000000008be00000| Untracked 
| 191|0x000000008bf00000, 0x000000008bf00000, 0x000000008c000000|  0%| F|  |TAMS 0x000000008bf00000, 0x000000008bf00000| Untracked 
| 192|0x000000008c000000, 0x000000008c000000, 0x000000008c100000|  0%| F|  |TAMS 0x000000008c000000, 0x000000008c000000| Untracked 
| 193|0x000000008c100000, 0x000000008c100000, 0x000000008c200000|  0%| F|  |TAMS 0x000000008c100000, 0x000000008c100000| Untracked 
| 194|0x000000008c200000, 0x000000008c200000, 0x000000008c300000|  0%| F|  |TAMS 0x000000008c200000, 0x000000008c200000| Untracked 
| 195|0x000000008c300000, 0x000000008c300000, 0x000000008c400000|  0%| F|  |TAMS 0x000000008c300000, 0x000000008c300000| Untracked 
| 196|0x000000008c400000, 0x000000008c4850d0, 0x000000008c500000| 51%| E|  |TAMS 0x000000008c400000, 0x000000008c400000| Complete 
| 197|0x000000008c500000, 0x000000008c600000, 0x000000008c600000|100%| E|CS|TAMS 0x000000008c500000, 0x000000008c500000| Complete 
| 198|0x000000008c600000, 0x000000008c700000, 0x000000008c700000|100%| E|CS|TAMS 0x000000008c600000, 0x000000008c600000| Complete 
| 199|0x000000008c700000, 0x000000008c800000, 0x000000008c800000|100%| E|CS|TAMS 0x000000008c700000, 0x000000008c700000| Complete 
| 200|0x000000008c800000, 0x000000008c900000, 0x000000008c900000|100%| E|CS|TAMS 0x000000008c800000, 0x000000008c800000| Complete 
| 201|0x000000008c900000, 0x000000008ca00000, 0x000000008ca00000|100%| E|CS|TAMS 0x000000008c900000, 0x000000008c900000| Complete 
| 202|0x000000008ca00000, 0x000000008cb00000, 0x000000008cb00000|100%| E|CS|TAMS 0x000000008ca00000, 0x000000008ca00000| Complete 
| 203|0x000000008cb00000, 0x000000008cc00000, 0x000000008cc00000|100%| E|CS|TAMS 0x000000008cb00000, 0x000000008cb00000| Complete 
| 204|0x000000008cc00000, 0x000000008cd00000, 0x000000008cd00000|100%| E|CS|TAMS 0x000000008cc00000, 0x000000008cc00000| Complete 
| 205|0x000000008cd00000, 0x000000008ce00000, 0x000000008ce00000|100%| E|CS|TAMS 0x000000008cd00000, 0x000000008cd00000| Complete 
| 206|0x000000008ce00000, 0x000000008cf00000, 0x000000008cf00000|100%| E|CS|TAMS 0x000000008ce00000, 0x000000008ce00000| Complete 
| 207|0x000000008cf00000, 0x000000008d000000, 0x000000008d000000|100%| E|CS|TAMS 0x000000008cf00000, 0x000000008cf00000| Complete 
| 208|0x000000008d000000, 0x000000008d100000, 0x000000008d100000|100%| E|CS|TAMS 0x000000008d000000, 0x000000008d000000| Complete 
| 209|0x000000008d100000, 0x000000008d200000, 0x000000008d200000|100%| E|CS|TAMS 0x000000008d100000, 0x000000008d100000| Complete 
| 210|0x000000008d200000, 0x000000008d300000, 0x000000008d300000|100%| E|CS|TAMS 0x000000008d200000, 0x000000008d200000| Complete 
| 211|0x000000008d300000, 0x000000008d400000, 0x000000008d400000|100%| E|CS|TAMS 0x000000008d300000, 0x000000008d300000| Complete 
| 212|0x000000008d400000, 0x000000008d500000, 0x000000008d500000|100%| E|CS|TAMS 0x000000008d400000, 0x000000008d400000| Complete 
| 213|0x000000008d500000, 0x000000008d600000, 0x000000008d600000|100%| E|CS|TAMS 0x000000008d500000, 0x000000008d500000| Complete 
| 214|0x000000008d600000, 0x000000008d700000, 0x000000008d700000|100%| E|  |TAMS 0x000000008d600000, 0x000000008d600000| Complete 
| 215|0x000000008d700000, 0x000000008d800000, 0x000000008d800000|100%| E|CS|TAMS 0x000000008d700000, 0x000000008d700000| Complete 
| 216|0x000000008d800000, 0x000000008d900000, 0x000000008d900000|100%| E|CS|TAMS 0x000000008d800000, 0x000000008d800000| Complete 
| 217|0x000000008d900000, 0x000000008da00000, 0x000000008da00000|100%| E|CS|TAMS 0x000000008d900000, 0x000000008d900000| Complete 
| 218|0x000000008da00000, 0x000000008db00000, 0x000000008db00000|100%| E|CS|TAMS 0x000000008da00000, 0x000000008da00000| Complete 
| 219|0x000000008db00000, 0x000000008dc00000, 0x000000008dc00000|100%| E|CS|TAMS 0x000000008db00000, 0x000000008db00000| Complete 
| 220|0x000000008dc00000, 0x000000008dd00000, 0x000000008dd00000|100%| E|CS|TAMS 0x000000008dc00000, 0x000000008dc00000| Complete 
| 221|0x000000008dd00000, 0x000000008de00000, 0x000000008de00000|100%| E|CS|TAMS 0x000000008dd00000, 0x000000008dd00000| Complete 

Card table byte_map: [0x000001cdd85f0000,0x000001cdd89f0000] _byte_map_base: 0x000001cdd81f0000

Marking Bits (Prev, Next): (CMBitMap*) 0x000001cdc572c728, (CMBitMap*) 0x000001cdc572c760
 Prev Bits: [0x000001cdd8df0000, 0x000001cddadf0000)
 Next Bits: [0x000001cddadf0000, 0x000001cddcdf0000)

Polling page: 0x000001cdc3560000

Metaspace:

Usage:
  Non-class:    101.55 MB capacity,    99.63 MB ( 98%) used,     1.52 MB (  1%) free+waste,   408.31 KB ( <1%) overhead. 
      Class:     16.11 MB capacity,    14.85 MB ( 92%) used,     1.07 MB (  7%) free+waste,   190.00 KB (  1%) overhead. 
       Both:    117.66 MB capacity,   114.48 MB ( 97%) used,     2.59 MB (  2%) free+waste,   598.31 KB ( <1%) overhead. 

Virtual space:
  Non-class space:      102.00 MB reserved,     101.70 MB (>99%) committed 
      Class space:        1.00 GB reserved,      16.13 MB (  2%) committed 
             Both:        1.10 GB reserved,     117.83 MB ( 10%) committed 

Chunk freelists:
   Non-Class:  0 bytes
       Class:  0 bytes
        Both:  0 bytes

MaxMetaspaceSize: 17179869184.00 GB
CompressedClassSpaceSize: 1.00 GB

CodeHeap 'non-profiled nmethods': size=120064Kb used=9757Kb max_used=9757Kb free=110306Kb
 bounds [0x000001cdd0cb0000, 0x000001cdd1640000, 0x000001cdd81f0000]
CodeHeap 'profiled nmethods': size=120000Kb used=36111Kb max_used=36111Kb free=83888Kb
 bounds [0x000001cdc9780000, 0x000001cdcbad0000, 0x000001cdd0cb0000]
CodeHeap 'non-nmethods': size=5696Kb used=2356Kb max_used=2410Kb free=3339Kb
 bounds [0x000001cdc91f0000, 0x000001cdc9460000, 0x000001cdc9780000]
 total_blobs=16931 nmethods=15952 adapters=889
 compilation: enabled
              stopped_count=0, restarted_count=0
 full_count=0

Compilation events (20 events):
Event: 123.842 Thread 0x000001cde799d800 nmethod 16090 0x000001cdd162b710 code [0x000001cdd162b8a0, 0x000001cdd162b938]
Event: 123.842 Thread 0x000001cde799d800 16091       4       org.gradle.internal.snapshot.DirectorySnapshot$$Lambda$947/0x0000000100b0bc40::accept (16 bytes)
Event: 123.847 Thread 0x000001cde799d800 nmethod 16091 0x000001cdd162ba10 code [0x000001cdd162bbe0, 0x000001cdd162bef8]
Event: 123.847 Thread 0x000001cde799d800 16093       4       com.google.common.collect.EnumMultiset::add (102 bytes)
Event: 123.851 Thread 0x000001cde799d800 nmethod 16093 0x000001cdd162c290 code [0x000001cdd162c440, 0x000001cdd162c658]
Event: 123.851 Thread 0x000001cde799d800 16094       4       com.google.common.collect.EnumMultiset::isActuallyE (44 bytes)
Event: 123.853 Thread 0x000001cde799d800 nmethod 16094 0x000001cdd162c910 code [0x000001cdd162cac0, 0x000001cdd162cbb8]
Event: 123.853 Thread 0x000001cde799d800 16087       4       org.gradle.internal.service.DefaultServiceRegistry$ParentServices::getService (11 bytes)
Event: 123.855 Thread 0x000001cde799d800 nmethod 16087 0x000001cdd162cd10 code [0x000001cdd162cec0, 0x000001cdd162cff8]
Event: 123.855 Thread 0x000001cde799d800 16092       4       org.gradle.internal.snapshot.EmptyChildMap::visitChildren (1 bytes)
Event: 123.855 Thread 0x000001cde799d800 nmethod 16092 0x000001cdd162d190 code [0x000001cdd162d320, 0x000001cdd162d378]
Event: 123.949 Thread 0x000001cddf30f800 16096       1       org.gradle.cache.PersistentIndexedCacheParameters::getCacheName (5 bytes)
Event: 123.949 Thread 0x000001cddf30f800 nmethod 16096 0x000001cdd162d410 code [0x000001cdd162d5c0, 0x000001cdd162d678]
Event: 123.957 Thread 0x000001cde799d800 16097       4       org.gradle.internal.service.DefaultServiceRegistry$SingletonService::get (5 bytes)
Event: 124.009 Thread 0x000001cddf30d000 nmethod 16076 0x000001cdd162d710 code [0x000001cdd162dc40, 0x000001cdd1634160]
Event: 124.030 Thread 0x000001cddf30d000 16098   !   4       org.gradle.internal.service.DefaultServiceRegistry$ManagedObjectServiceProvider::getInstance (47 bytes)
Event: 124.124 Thread 0x000001cddf30f800 16099       3       org.gradle.internal.instantiation.generator.DefaultInstantiationScheme::withServices (25 bytes)
Event: 124.124 Thread 0x000001cddf30f800 nmethod 16099 0x000001cdcbaa9d10 code [0x000001cdcbaa9ec0, 0x000001cdcbaaa068]
Event: 124.125 Thread 0x000001cddf30f800 16100       3       java.util.regex.CharPredicates$$Lambda$9/0x0000000100064440::is (5 bytes)
Event: 124.125 Thread 0x000001cddf30f800 nmethod 16100 0x000001cdcbaaa110 code [0x000001cdcbaaa300, 0x000001cdcbaaa6f8]

GC Heap History (20 events):
Event: 33.852 GC heap before
{Heap before GC invocations=34 (full 0):
 garbage-first heap   total 157696K, used 82769K [0x0000000080000000, 0x0000000100000000)
  region size 1024K, 7 young (7168K), 4 survivors (4096K)
 Metaspace       used 88313K, capacity 90353K, committed 90448K, reserved 1128448K
  class space    used 11366K, capacity 12151K, committed 12160K, reserved 1048576K
}
Event: 33.859 GC heap after
{Heap after GC invocations=35 (full 0):
 garbage-first heap   total 157696K, used 79149K [0x0000000080000000, 0x0000000100000000)
  region size 1024K, 1 young (1024K), 1 survivors (1024K)
 Metaspace       used 88313K, capacity 90353K, committed 90448K, reserved 1128448K
  class space    used 11366K, capacity 12151K, committed 12160K, reserved 1048576K
}
Event: 34.545 GC heap before
{Heap before GC invocations=35 (full 0):
 garbage-first heap   total 157696K, used 112941K [0x0000000080000000, 0x0000000100000000)
  region size 1024K, 35 young (35840K), 1 survivors (1024K)
 Metaspace       used 90122K, capacity 92192K, committed 92240K, reserved 1128448K
  class space    used 11577K, capacity 12379K, committed 12416K, reserved 1048576K
}
Event: 34.552 GC heap after
{Heap after GC invocations=36 (full 0):
 garbage-first heap   total 157696K, used 80578K [0x0000000080000000, 0x0000000100000000)
  region size 1024K, 3 young (3072K), 3 survivors (3072K)
 Metaspace       used 90122K, capacity 92192K, committed 92240K, reserved 1128448K
  class space    used 11577K, capacity 12379K, committed 12416K, reserved 1048576K
}
Event: 39.395 GC heap before
{Heap before GC invocations=37 (full 0):
 garbage-first heap   total 157696K, used 115394K [0x0000000080000000, 0x0000000100000000)
  region size 1024K, 38 young (38912K), 3 survivors (3072K)
 Metaspace       used 91014K, capacity 93105K, committed 93392K, reserved 1130496K
  class space    used 11661K, capacity 12492K, committed 12544K, reserved 1048576K
}
Event: 39.410 GC heap after
{Heap after GC invocations=38 (full 0):
 garbage-first heap   total 189440K, used 86129K [0x0000000080000000, 0x0000000100000000)
  region size 1024K, 5 young (5120K), 5 survivors (5120K)
 Metaspace       used 91014K, capacity 93105K, committed 93392K, reserved 1130496K
  class space    used 11661K, capacity 12492K, committed 12544K, reserved 1048576K
}
Event: 39.457 GC heap before
{Heap before GC invocations=38 (full 0):
 garbage-first heap   total 189440K, used 90225K [0x0000000080000000, 0x0000000100000000)
  region size 1024K, 9 young (9216K), 5 survivors (5120K)
 Metaspace       used 91082K, capacity 93169K, committed 93392K, reserved 1130496K
  class space    used 11662K, capacity 12492K, committed 12544K, reserved 1048576K
}
Event: 39.467 GC heap after
{Heap after GC invocations=39 (full 0):
 garbage-first heap   total 189440K, used 87126K [0x0000000080000000, 0x0000000100000000)
  region size 1024K, 1 young (1024K), 1 survivors (1024K)
 Metaspace       used 91082K, capacity 93169K, committed 93392K, reserved 1130496K
  class space    used 11662K, capacity 12492K, committed 12544K, reserved 1048576K
}
Event: 40.323 GC heap before
{Heap before GC invocations=39 (full 0):
 garbage-first heap   total 189440K, used 133206K [0x0000000080000000, 0x0000000100000000)
  region size 1024K, 47 young (48128K), 1 survivors (1024K)
 Metaspace       used 92695K, capacity 94857K, committed 95056K, reserved 1132544K
  class space    used 11846K, capacity 12672K, committed 12672K, reserved 1048576K
}
Event: 40.339 GC heap after
{Heap after GC invocations=40 (full 0):
 garbage-first heap   total 189440K, used 89590K [0x0000000080000000, 0x0000000100000000)
  region size 1024K, 4 young (4096K), 4 survivors (4096K)
 Metaspace       used 92695K, capacity 94857K, committed 95056K, reserved 1132544K
  class space    used 11846K, capacity 12672K, committed 12672K, reserved 1048576K
}
Event: 42.411 GC heap before
{Heap before GC invocations=41 (full 0):
 garbage-first heap   total 189440K, used 139766K [0x0000000080000000, 0x0000000100000000)
  region size 1024K, 52 young (53248K), 4 survivors (4096K)
 Metaspace       used 99038K, capacity 101402K, committed 101584K, reserved 1136640K
  class space    used 12643K, capacity 13510K, committed 13568K, reserved 1048576K
}
Event: 42.448 GC heap after
{Heap after GC invocations=42 (full 0):
 garbage-first heap   total 189440K, used 99144K [0x0000000080000000, 0x0000000100000000)
  region size 1024K, 7 young (7168K), 7 survivors (7168K)
 Metaspace       used 99038K, capacity 101402K, committed 101584K, reserved 1136640K
  class space    used 12643K, capacity 13510K, committed 13568K, reserved 1048576K
}
Event: 42.548 GC heap before
{Heap before GC invocations=42 (full 0):
 garbage-first heap   total 189440K, used 101192K [0x0000000080000000, 0x0000000100000000)
  region size 1024K, 9 young (9216K), 7 survivors (7168K)
 Metaspace       used 99312K, capacity 101713K, committed 101840K, reserved 1138688K
  class space    used 12666K, capacity 13549K, committed 13568K, reserved 1048576K
}
Event: 42.566 GC heap after
{Heap after GC invocations=43 (full 0):
 garbage-first heap   total 189440K, used 99324K [0x0000000080000000, 0x0000000100000000)
  region size 1024K, 1 young (1024K), 1 survivors (1024K)
 Metaspace       used 99312K, capacity 101713K, committed 101840K, reserved 1138688K
  class space    used 12666K, capacity 13549K, committed 13568K, reserved 1048576K
}
Event: 43.937 GC heap before
{Heap before GC invocations=43 (full 0):
 garbage-first heap   total 189440K, used 144380K [0x0000000080000000, 0x0000000100000000)
  region size 1024K, 44 young (45056K), 1 survivors (1024K)
 Metaspace       used 103764K, capacity 106252K, committed 106320K, reserved 1140736K
  class space    used 13239K, capacity 14179K, committed 14208K, reserved 1048576K
}
Event: 43.948 GC heap after
{Heap after GC invocations=44 (full 0):
 garbage-first heap   total 227328K, used 101712K [0x0000000080000000, 0x0000000100000000)
  region size 1024K, 4 young (4096K), 4 survivors (4096K)
 Metaspace       used 103764K, capacity 106252K, committed 106320K, reserved 1140736K
  class space    used 13239K, capacity 14179K, committed 14208K, reserved 1048576K
}
Event: 45.752 GC heap before
{Heap before GC invocations=44 (full 0):
 garbage-first heap   total 227328K, used 164176K [0x0000000080000000, 0x0000000100000000)
  region size 1024K, 66 young (67584K), 4 survivors (4096K)
 Metaspace       used 111746K, capacity 114842K, committed 115024K, reserved 1148928K
  class space    used 14447K, capacity 15651K, committed 15744K, reserved 1048576K
}
Event: 45.772 GC heap after
{Heap after GC invocations=45 (full 0):
 garbage-first heap   total 227328K, used 109221K [0x0000000080000000, 0x0000000100000000)
  region size 1024K, 9 young (9216K), 9 survivors (9216K)
 Metaspace       used 111746K, capacity 114842K, committed 115024K, reserved 1148928K
  class space    used 14447K, capacity 15651K, committed 15744K, reserved 1048576K
}
Event: 47.532 GC heap before
{Heap before GC invocations=45 (full 0):
 garbage-first heap   total 227328K, used 171685K [0x0000000080000000, 0x0000000100000000)
  region size 1024K, 69 young (70656K), 9 survivors (9216K)
 Metaspace       used 115545K, capacity 118756K, committed 118864K, reserved 1153024K
  class space    used 14968K, capacity 16249K, committed 16256K, reserved 1048576K
}
Event: 47.548 GC heap after
{Heap after GC invocations=46 (full 0):
 garbage-first heap   total 227328K, used 107722K [0x0000000080000000, 0x0000000100000000)
  region size 1024K, 2 young (2048K), 2 survivors (2048K)
 Metaspace       used 115545K, capacity 118756K, committed 118864K, reserved 1153024K
  class space    used 14968K, capacity 16249K, committed 16256K, reserved 1048576K
}

Deoptimization events (20 events):
Event: 123.481 Thread 0x000001cde5549000 Uncommon trap: trap_request=0xffffffde fr.pc=0x000001cdd13e9d18 relative=0x0000000000000138
Event: 123.481 Thread 0x000001cde5549000 Uncommon trap: reason=class_check action=maybe_recompile pc=0x000001cdd13e9d18 method=sun.nio.ch.IOUtil.readIntoNativeBuffer(Ljava/io/FileDescriptor;Ljava/nio/ByteBuffer;JZILsun/nio/ch/NativeDispatcher;)I @ 134 c2
Event: 123.481 Thread 0x000001cde5549000 DEOPT PACKING pc=0x000001cdd13e9d18 sp=0x0000005f36cfe650
Event: 123.481 Thread 0x000001cde5549000 DEOPT UNPACKING pc=0x000001cdc921662f sp=0x0000005f36cfe5d0 mode 2
Event: 123.494 Thread 0x000001cde5549000 Uncommon trap: trap_request=0xffffffde fr.pc=0x000001cdd13eb0ac relative=0x0000000000000acc
Event: 123.494 Thread 0x000001cde5549000 Uncommon trap: reason=class_check action=maybe_recompile pc=0x000001cdd13eb0ac method=sun.nio.ch.IOUtil.read(Ljava/io/FileDescriptor;Ljava/nio/ByteBuffer;JZILsun/nio/ch/NativeDispatcher;)I @ 1 c2
Event: 123.494 Thread 0x000001cde5549000 DEOPT PACKING pc=0x000001cdd13eb0ac sp=0x0000005f36cfe370
Event: 123.494 Thread 0x000001cde5549000 DEOPT UNPACKING pc=0x000001cdc921662f sp=0x0000005f36cfe358 mode 2
Event: 123.587 Thread 0x000001cde5546800 Uncommon trap: trap_request=0xffffffc6 fr.pc=0x000001cdd14ae7f0 relative=0x0000000000000130
Event: 123.587 Thread 0x000001cde5546800 Uncommon trap: reason=bimorphic_or_optimized_type_check action=maybe_recompile pc=0x000001cdd14ae7f0 method=java.util.Collections$UnmodifiableList.get(I)Ljava/lang/Object; @ 5 c2
Event: 123.587 Thread 0x000001cde5546800 DEOPT PACKING pc=0x000001cdd14ae7f0 sp=0x0000005f384fec10
Event: 123.587 Thread 0x000001cde5546800 DEOPT UNPACKING pc=0x000001cdc921662f sp=0x0000005f384feba8 mode 2
Event: 123.604 Thread 0x000001cde5546800 Uncommon trap: trap_request=0xffffff4d fr.pc=0x000001cdd12e89f0 relative=0x0000000000000b50
Event: 123.604 Thread 0x000001cde5546800 Uncommon trap: reason=unstable_if action=reinterpret pc=0x000001cdd12e89f0 method=org.gradle.tooling.internal.provider.runner.SubtreeFilteringBuildOperationListener.started(Lorg/gradle/internal/operations/BuildOperationDescriptor;Lorg/gradle/internal/oper
Event: 123.604 Thread 0x000001cde5546800 DEOPT PACKING pc=0x000001cdd12e89f0 sp=0x0000005f384fd760
Event: 123.604 Thread 0x000001cde5546800 DEOPT UNPACKING pc=0x000001cdc921662f sp=0x0000005f384fd738 mode 2
Event: 123.685 Thread 0x000001cde5546800 Uncommon trap: trap_request=0xffffff4d fr.pc=0x000001cdd1391e10 relative=0x0000000000000070
Event: 123.685 Thread 0x000001cde5546800 Uncommon trap: reason=unstable_if action=reinterpret pc=0x000001cdd1391e10 method=com.google.common.math.IntMath.log2(ILjava/math/RoundingMode;)I @ 15 c2
Event: 123.685 Thread 0x000001cde5546800 DEOPT PACKING pc=0x000001cdd1391e10 sp=0x0000005f384fbce0
Event: 123.685 Thread 0x000001cde5546800 DEOPT UNPACKING pc=0x000001cdc921662f sp=0x0000005f384fbc68 mode 2

Classes redefined (0 events):
No events

Internal exceptions (20 events):
Event: 46.399 Thread 0x000001cde7b7a800 Exception <a 'sun/nio/fs/WindowsException'{0x000000008cabdd50}> (0x000000008cabdd50) thrown at [./src/hotspot/share/prims/jni.cpp, line 615]
Event: 46.566 Thread 0x000001cde7b7e800 Exception <a 'sun/nio/fs/WindowsException'{0x000000008c6dd2d8}> (0x000000008c6dd2d8) thrown at [./src/hotspot/share/prims/jni.cpp, line 615]
Event: 46.582 Thread 0x000001cde7b7a800 Exception <a 'sun/nio/fs/WindowsException'{0x000000008c57b120}> (0x000000008c57b120) thrown at [./src/hotspot/share/prims/jni.cpp, line 615]
Event: 46.775 Thread 0x000001cde7b7a800 Exception <a 'sun/nio/fs/WindowsException'{0x000000008bac6d88}> (0x000000008bac6d88) thrown at [./src/hotspot/share/prims/jni.cpp, line 615]
Event: 47.009 Thread 0x000001cde7b7e800 Exception <a 'sun/nio/fs/WindowsException'{0x000000008b0c5aa0}> (0x000000008b0c5aa0) thrown at [./src/hotspot/share/prims/jni.cpp, line 615]
Event: 47.268 Thread 0x000001cde7b84800 Exception <a 'sun/nio/fs/WindowsException'{0x000000008ab74ab0}> (0x000000008ab74ab0) thrown at [./src/hotspot/share/prims/jni.cpp, line 615]
Event: 47.278 Thread 0x000001cde7b84800 Implicit null exception at 0x000001cdd1229e34 to 0x000001cdd122bebc
Event: 47.419 Thread 0x000001cde7b84800 Exception <a 'java/lang/NoSuchMethodError'{0x000000008a77ab28}: 'java.lang.Object java.lang.invoke.DirectMethodHandle$Holder.invokeStatic(java.lang.Object, java.lang.Object, java.lang.Object, java.lang.Object, java.lang.Object, int, java.lang.Object)'> (0x000000008a77ab28) thrown at [./src/hotspot/share/interpreter/linkResolver.cpp, line 773]
Event: 47.420 Thread 0x000001cde7b84800 Exception <a 'java/lang/NoSuchMethodError'{0x000000008a781d28}: 'java.lang.Object java.lang.invoke.Invokers$Holder.linkToTargetMethod(java.lang.Object, java.lang.Object, java.lang.Object, java.lang.Object, int, java.lang.Object, java.lang.Object)'> (0x000000008a781d28) thrown at [./src/hotspot/share/interpreter/linkResolver.cpp, line 773]
Event: 47.508 Thread 0x000001cde7b84800 Exception <a 'java/lang/NoSuchMethodError'{0x000000008a367110}: 'java.lang.Object java.lang.invoke.DirectMethodHandle$Holder.invokeStatic(java.lang.Object, java.lang.Object, java.lang.Object, java.lang.Object, java.lang.Object, java.lang.Object, java.lang.Object, int)'> (0x000000008a367110) thrown at [./src/hotspot/share/interpreter/linkResolver.cpp, line 773]
Event: 47.508 Thread 0x000001cde7b84800 Exception <a 'java/lang/NoSuchMethodError'{0x000000008a36b548}: 'java.lang.Object java.lang.invoke.DirectMethodHandle$Holder.invokeSpecial(java.lang.Object, java.lang.Object, java.lang.Object, java.lang.Object, java.lang.Object, java.lang.Object, java.lang.Object, java.lang.Object, int)'> (0x000000008a36b548) thrown at [./src/hotspot/share/interpreter/linkResolver.cpp, line 773]
Event: 47.508 Thread 0x000001cde7b84800 Exception <a 'java/lang/NoSuchMethodError'{0x000000008a36f300}: 'java.lang.Object java.lang.invoke.Invokers$Holder.linkToTargetMethod(java.lang.Object, java.lang.Object, java.lang.Object, java.lang.Object, java.lang.Object, java.lang.Object, int, java.lang.Object)'> (0x000000008a36f300) thrown at [./src/hotspot/share/interpreter/linkResolver.cpp, line 773]
Event: 47.976 Thread 0x000001cde7b84800 Implicit null exception at 0x000001cdd0e45eeb to 0x000001cdd0e45f0c
Event: 48.139 Thread 0x000001cde107c000 Exception <a 'sun/nio/fs/WindowsException'{0x000000008cfa6148}> (0x000000008cfa6148) thrown at [./src/hotspot/share/prims/jni.cpp, line 615]
Event: 48.140 Thread 0x000001cde107c000 Exception <a 'sun/nio/fs/WindowsException'{0x000000008cfa61c8}> (0x000000008cfa61c8) thrown at [./src/hotspot/share/prims/jni.cpp, line 615]
Event: 48.140 Thread 0x000001cde107c000 Exception <a 'sun/nio/fs/WindowsException'{0x000000008cfa7e98}> (0x000000008cfa7e98) thrown at [./src/hotspot/share/prims/jni.cpp, line 615]
Event: 48.298 Thread 0x000001cde107c000 Exception <a 'java/lang/NoSuchMethodError'{0x000000008cda1470}: 'java.lang.Object java.lang.invoke.DirectMethodHandle$Holder.invokeSpecial(java.lang.Object, java.lang.Object, java.lang.Object, java.lang.Object, int, java.lang.Object, java.lang.Object)'> (0x000000008cda1470) thrown at [./src/hotspot/share/interpreter/linkResolver.cpp, line 773]
Event: 49.308 Thread 0x000001cde1537000 Implicit null exception at 0x000001cdd0ce4a74 to 0x000001cdd0ce4f74
Event: 49.309 Thread 0x000001cde1537000 Implicit null exception at 0x000001cdd1056e94 to 0x000001cdd1057458
Event: 123.604 Thread 0x000001cde5546800 Implicit null exception at 0x000001cdd12e7ee2 to 0x000001cdd12e89d8

Events (20 events):
Event: 123.604 Executing VM operation: RevokeBias done
Event: 123.610 Executing VM operation: RevokeBias
Event: 123.610 Executing VM operation: RevokeBias done
Event: 123.610 Executing VM operation: RevokeBias
Event: 123.610 Executing VM operation: RevokeBias done
Event: 123.624 Thread 0x000001cde554f000 Thread added: 0x000001cde554f000
Event: 123.686 Executing VM operation: RevokeBias
Event: 123.686 Executing VM operation: RevokeBias done
Event: 123.689 loading class org/gradle/internal/watch/vfs/impl/WatchingVirtualFileSystem
Event: 123.689 loading class org/gradle/internal/watch/vfs/impl/WatchingVirtualFileSystem done
Event: 123.690 Executing VM operation: RevokeBias
Event: 123.690 Executing VM operation: RevokeBias done
Event: 123.690 Executing VM operation: RevokeBias
Event: 123.690 Executing VM operation: RevokeBias done
Event: 123.810 Executing VM operation: RevokeBias
Event: 123.810 Executing VM operation: RevokeBias done
Event: 123.841 Thread 0x000001cde799d800 Thread added: 0x000001cde799d800
Event: 123.856 Thread 0x000001cde554b800 Thread added: 0x000001cde554b800
Event: 123.953 Thread 0x000001cde554f800 Thread added: 0x000001cde554f800
Event: 124.128 Thread 0x000001cde554b000 Thread added: 0x000001cde554b000


Dynamic libraries:
0x00007ff6c91b0000 - 0x00007ff6c91ba000 	C:\Program Files\Android\Android Studio\jre\bin\java.exe
0x00007ffe86e70000 - 0x00007ffe87065000 	C:\WINDOWS\SYSTEM32\ntdll.dll
0x00007ffe86110000 - 0x00007ffe861ce000 	C:\WINDOWS\System32\KERNEL32.DLL
0x00007ffe849b0000 - 0x00007ffe84c78000 	C:\WINDOWS\System32\KERNELBASE.dll
0x00007ffe84590000 - 0x00007ffe84690000 	C:\WINDOWS\System32\ucrtbase.dll
0x00007ffe7e260000 - 0x00007ffe7e279000 	C:\Program Files\Android\Android Studio\jre\bin\jli.dll
0x00007ffe71c20000 - 0x00007ffe71c37000 	C:\Program Files\Android\Android Studio\jre\bin\VCRUNTIME140.dll
0x00007ffe85de0000 - 0x00007ffe85f80000 	C:\WINDOWS\System32\USER32.dll
0x00007ffe84720000 - 0x00007ffe84742000 	C:\WINDOWS\System32\win32u.dll
0x00007ffe85a50000 - 0x00007ffe85a7a000 	C:\WINDOWS\System32\GDI32.dll
0x00007ffe84c80000 - 0x00007ffe84d8b000 	C:\WINDOWS\System32\gdi32full.dll
0x00007ffe84dc0000 - 0x00007ffe84e5d000 	C:\WINDOWS\System32\msvcp_win.dll
0x00007ffe77740000 - 0x00007ffe779da000 	C:\WINDOWS\WinSxS\amd64_microsoft.windows.common-controls_6595b64144ccf1df_6.0.19041.1110_none_60b5254171f9507e\COMCTL32.dll
0x00007ffe856c0000 - 0x00007ffe8575e000 	C:\WINDOWS\System32\msvcrt.dll
0x00007ffe85a20000 - 0x00007ffe85a50000 	C:\WINDOWS\System32\IMM32.DLL
0x00007ffe6a250000 - 0x00007ffe6a2ed000 	C:\Program Files\Android\Android Studio\jre\bin\msvcp140.dll
0x00007ffe39e50000 - 0x00007ffe3a925000 	C:\Program Files\Android\Android Studio\jre\bin\server\jvm.dll
0x00007ffe86060000 - 0x00007ffe8610e000 	C:\WINDOWS\System32\ADVAPI32.dll
0x00007ffe85cd0000 - 0x00007ffe85d6c000 	C:\WINDOWS\System32\sechost.dll
0x00007ffe85b90000 - 0x00007ffe85cb5000 	C:\WINDOWS\System32\RPCRT4.dll
0x00007ffe856b0000 - 0x00007ffe856b8000 	C:\WINDOWS\System32\PSAPI.DLL
0x00007ffe82d20000 - 0x00007ffe82d29000 	C:\WINDOWS\SYSTEM32\WSOCK32.dll
0x00007ffe85d70000 - 0x00007ffe85ddb000 	C:\WINDOWS\System32\WS2_32.dll
0x00007ffe77140000 - 0x00007ffe77167000 	C:\WINDOWS\SYSTEM32\WINMM.dll
0x00007ffe79240000 - 0x00007ffe7924a000 	C:\WINDOWS\SYSTEM32\VERSION.dll
0x00007ffe82e70000 - 0x00007ffe82e82000 	C:\WINDOWS\SYSTEM32\kernel.appcore.dll
0x00007ffe6c5a0000 - 0x00007ffe6c5b1000 	C:\Program Files\Android\Android Studio\jre\bin\verify.dll
0x00007ffe82370000 - 0x00007ffe82554000 	C:\WINDOWS\SYSTEM32\DBGHELP.DLL
0x00007ffe7c9a0000 - 0x00007ffe7c9cc000 	C:\WINDOWS\SYSTEM32\dbgcore.DLL
0x00007ffe84690000 - 0x00007ffe84712000 	C:\WINDOWS\System32\bcryptPrimitives.dll
0x00007ffe6b290000 - 0x00007ffe6b2b9000 	C:\Program Files\Android\Android Studio\jre\bin\java.dll
0x00007ffe7b3d0000 - 0x00007ffe7b3db000 	C:\Program Files\Android\Android Studio\jre\bin\jimage.dll
0x00007ffe6a090000 - 0x00007ffe6a0a8000 	C:\Program Files\Android\Android Studio\jre\bin\zip.dll
0x00007ffe84ed0000 - 0x00007ffe85614000 	C:\WINDOWS\System32\SHELL32.dll
0x00007ffe82560000 - 0x00007ffe82cf4000 	C:\WINDOWS\SYSTEM32\windows.storage.dll
0x00007ffe869a0000 - 0x00007ffe86cf4000 	C:\WINDOWS\System32\combase.dll
0x00007ffe83f30000 - 0x00007ffe83f5c000 	C:\WINDOWS\SYSTEM32\Wldp.dll
0x00007ffe85a80000 - 0x00007ffe85b2d000 	C:\WINDOWS\System32\SHCORE.dll
0x00007ffe85890000 - 0x00007ffe858e5000 	C:\WINDOWS\System32\shlwapi.dll
0x00007ffe844d0000 - 0x00007ffe844ef000 	C:\WINDOWS\SYSTEM32\profapi.dll
0x00007ffe69970000 - 0x00007ffe6998a000 	C:\Program Files\Android\Android Studio\jre\bin\net.dll
0x00007ffe79700000 - 0x00007ffe7980a000 	C:\WINDOWS\SYSTEM32\WINHTTP.dll
0x00007ffe83c90000 - 0x00007ffe83cfa000 	C:\WINDOWS\system32\mswsock.dll
0x00007ffe69530000 - 0x00007ffe69544000 	C:\Program Files\Android\Android Studio\jre\bin\nio.dll
0x00007ffe715a0000 - 0x00007ffe715c7000 	C:\Users\dlthd\.gradle\native\e1d6ef7f7dcc3fd88c89a11ec53ec762bb8ba0a96d01ffa2cd45eb1d1d8dd5c5\windows-amd64\native-platform.dll
0x00007ffe4f2d0000 - 0x00007ffe4f414000 	C:\Users\dlthd\.gradle\native\5664cfc778a61ccfe75a443a1ab52a65af34e5dc3c78e0209fed803814484fcb\windows-amd64\native-platform-file-events.dll
0x00007ffe7db30000 - 0x00007ffe7db3a000 	C:\Program Files\Android\Android Studio\jre\bin\management.dll
0x00007ffe7af40000 - 0x00007ffe7af4d000 	C:\Program Files\Android\Android Studio\jre\bin\management_ext.dll
0x00007ffe83e80000 - 0x00007ffe83e98000 	C:\WINDOWS\SYSTEM32\CRYPTSP.dll
0x00007ffe83610000 - 0x00007ffe83644000 	C:\WINDOWS\system32\rsaenh.dll
0x00007ffe84d90000 - 0x00007ffe84db7000 	C:\WINDOWS\System32\bcrypt.dll
0x00007ffe84450000 - 0x00007ffe8447e000 	C:\WINDOWS\SYSTEM32\USERENV.dll
0x00007ffe83ea0000 - 0x00007ffe83eac000 	C:\WINDOWS\SYSTEM32\CRYPTBASE.dll
0x00007ffe83980000 - 0x00007ffe839bb000 	C:\WINDOWS\SYSTEM32\IPHLPAPI.DLL
0x00007ffe85620000 - 0x00007ffe85628000 	C:\WINDOWS\System32\NSI.dll
0x00007ffe7a3b0000 - 0x00007ffe7a3c7000 	C:\WINDOWS\SYSTEM32\dhcpcsvc6.DLL
0x00007ffe7b430000 - 0x00007ffe7b44d000 	C:\WINDOWS\SYSTEM32\dhcpcsvc.DLL
0x00007ffe839c0000 - 0x00007ffe83a8b000 	C:\WINDOWS\SYSTEM32\DNSAPI.dll
0x00007ffe832a0000 - 0x00007ffe832d3000 	C:\WINDOWS\SYSTEM32\ntmarta.dll
0x00007ffe67cb0000 - 0x00007ffe67cd7000 	C:\Program Files\Android\Android Studio\jre\bin\sunec.dll

dbghelp: loaded successfully - version: 4.0.5 - missing functions: none
symbol engine: initialized successfully - sym options: 0x614 - pdb path: .;C:\Program Files\Android\Android Studio\jre\bin;C:\WINDOWS\SYSTEM32;C:\WINDOWS\WinSxS\amd64_microsoft.windows.common-controls_6595b64144ccf1df_6.0.19041.1110_none_60b5254171f9507e;C:\Program Files\Android\Android Studio\jre\bin\server;C:\Users\dlthd\.gradle\native\e1d6ef7f7dcc3fd88c89a11ec53ec762bb8ba0a96d01ffa2cd45eb1d1d8dd5c5\windows-amd64;C:\Users\dlthd\.gradle\native\5664cfc778a61ccfe75a443a1ab52a65af34e5dc3c78e0209fed803814484fcb\windows-amd64

VM Arguments:
jvm_args: --add-opens=java.base/java.util=ALL-UNNAMED --add-opens=java.base/java.lang=ALL-UNNAMED --add-opens=java.base/java.lang.invoke=ALL-UNNAMED --add-opens=java.base/java.util=ALL-UNNAMED --add-opens=java.prefs/java.util.prefs=ALL-UNNAMED --add-opens=java.prefs/java.util.prefs=ALL-UNNAMED --add-opens=java.base/java.nio.charset=ALL-UNNAMED --add-opens=java.base/java.net=ALL-UNNAMED --add-opens=java.base/java.util.concurrent.atomic=ALL-UNNAMED -Xmx2048m -Dfile.encoding=UTF-8 -Duser.country=KR -Duser.language=ko -Duser.variant 
java_command: org.gradle.launcher.daemon.bootstrap.GradleDaemon 7.2
java_class_path (initial): C:\Users\dlthd\.gradle\wrapper\dists\gradle-7.2-bin\2dnblmf4td7x66yl1d74lt32g\gradle-7.2\lib\gradle-launcher-7.2.jar
Launcher Type: SUN_STANDARD

[Global flags]
     intx CICompilerCount                          = 3                                         {product} {ergonomic}
     uint ConcGCThreads                            = 1                                         {product} {ergonomic}
     uint G1ConcRefinementThreads                  = 4                                         {product} {ergonomic}
   size_t G1HeapRegionSize                         = 1048576                                   {product} {ergonomic}
    uintx GCDrainStackTargetSize                   = 64                                        {product} {ergonomic}
   size_t InitialHeapSize                          = 134217728                                 {product} {ergonomic}
   size_t MarkStackSize                            = 4194304                                   {product} {ergonomic}
   size_t MaxHeapSize                              = 2147483648                                {product} {command line}
   size_t MaxNewSize                               = 1287651328                                {product} {ergonomic}
   size_t MinHeapDeltaBytes                        = 1048576                                   {product} {ergonomic}
    uintx NonNMethodCodeHeapSize                   = 5830732                                {pd product} {ergonomic}
    uintx NonProfiledCodeHeapSize                  = 122913754                              {pd product} {ergonomic}
    uintx ProfiledCodeHeapSize                     = 122913754                              {pd product} {ergonomic}
    uintx ReservedCodeCacheSize                    = 251658240                              {pd product} {ergonomic}
     bool SegmentedCodeCache                       = true                                      {product} {ergonomic}
     bool UseCompressedClassPointers               = true                                 {lp64_product} {ergonomic}
     bool UseCompressedOops                        = true                                 {lp64_product} {ergonomic}
     bool UseG1GC                                  = true                                      {product} {ergonomic}
     bool UseLargePagesIndividualAllocation        = false                                  {pd product} {ergonomic}

Logging:
Log output configuration:
 #0: stdout all=warning uptime,level,tags
 #1: stderr all=off uptime,level,tags

Environment Variables:
JAVA_HOME=C:\Program Files\Java\jdk-14.0.2
PATH=C:\Program Files (x86)\Common Files\Oracle\Java\javapath;C:\Program Files (x86)\Intel\iCLS Client\;C:\Program Files\Intel\iCLS Client\;C:\WINDOWS\system32;C:\WINDOWS;C:\WINDOWS\System32\Wbem;C:\WINDOWS\System32\WindowsPowerShell\v1.0\;C:\Program Files (x86)\Intel\Intel(R) Management Engine Components\DAL;C:\Program Files\Intel\Intel(R) Management Engine Components\DAL;C:\Program Files (x86)\Intel\Intel(R) Management Engine Components\IPT;C:\Program Files\Intel\Intel(R) Management Engine Components\IPT;C:\Program Files\Samsung\SamsungLink\AllShare Framework DMS\bin\;C:\WINDOWS\System32\OpenSSH\;C:\Program Files\dotnet\;c:\Program Files (x86)\Microsoft SQL Server\100\Tools\Binn\;c:\Program Files\Microsoft SQL Server\100\Tools\Binn\;c:\Program Files\Microsoft SQL Server\100\DTS\Binn\;c:\Program Files (x86)\Microsoft SQL Server\100\Tools\Binn\VSShell\Common7\IDE\;c:\Program Files (x86)\Microsoft SQL Server\100\DTS\Binn\;C:\Program Files\Git\cmd;C:\Program Files\PuTTY\;C:\Program Files (x86)\Brackets\command;C:\Users\dlthd\AppData\Local\Programs\Python\Python37\Scripts\;C:\Users\dlthd\AppData\Local\Programs\Python\Python37\;C:\Users\dlthd\AppData\Local\Microsoft\WindowsApps;C:\Program Files\JAVA_HOME\bin;C:\Users\dlthd\AppData\Local\GitHubDesktop\bin;C:\Users\dlthd\Desktop\Microsoft VS Code\bin
USERNAME=dlthd
OS=Windows_NT
PROCESSOR_IDENTIFIER=Intel64 Family 6 Model 61 Stepping 4, GenuineIntel



---------------  S Y S T E M  ---------------

OS: Windows 10 , 64 bit Build 19041 (10.0.19041.1645)
OS uptime: 5 days 21:15 hours

CPU:total 4 (initial active 4) (2 cores per cpu, 2 threads per core) family 6 model 61 stepping 4 microcode 0x2d, cmov, cx8, fxsr, mmx, sse, sse2, sse3, ssse3, sse4.1, sse4.2, popcnt, avx, avx2, aes, clmul, erms, 3dnowpref, lzcnt, ht, tsc, tscinvbit, bmi1, bmi2, adx, fma

Memory: 4k page, system-wide physical 8091M (512M free)
TotalPageFile size 32667M (AvailPageFile size 4M)
current process WorkingSet (physical memory assigned to process): 529M, peak: 547M
current process commit charge ("private bytes"): 558M, peak: 576M

vm_info: OpenJDK 64-Bit Server VM (11.0.11+9-b60-7590822) for windows-amd64 JRE (11.0.11+9-b60-7590822), built on Jul 29 2021 21:43:44 by "builder" with MS VC++ 14.0 (VS2015)

END.
